Arguments: 
  /usr/local/bin/node /usr/local/bin/yarn add @q/qcdn @3.1.6

PATH: 
  /usr/local/bin:/usr/bin:/bin:/usr/sbin:/sbin:/opt/homebrew/bin:/opt/homebrew/sbin:/Users/cjc/.cargo/bin

Yarn version: 
  1.22.10

Node version: 
  14.15.5

Platform: 
  darwin x64

Trace: 
  Error: http://registry.npm.taobao.org/@q%2fqcdn: Not found
      at Request.params.callback [as _callback] (/usr/local/lib/node_modules/yarn/lib/cli.js:66988:18)
      at Request.self.callback (/usr/local/lib/node_modules/yarn/lib/cli.js:140662:22)
      at Request.emit (events.js:315:20)
      at Request.<anonymous> (/usr/local/lib/node_modules/yarn/lib/cli.js:141634:10)
      at Request.emit (events.js:315:20)
      at IncomingMessage.<anonymous> (/usr/local/lib/node_modules/yarn/lib/cli.js:141556:12)
      at Object.onceWrapper (events.js:421:28)
      at IncomingMessage.emit (events.js:327:22)
      at endReadableNT (internal/streams/readable.js:1327:12)
      at processTicksAndRejections (internal/process/task_queues.js:80:21)

npm manifest: 
  {
      "name": "@wubafe/picasso-parse",
      "version": "0.0.35",
      "description": "Picasso解析库",
      "main": "dist/picasso-parse/src/index.js",
      "scripts": {
          "build": "tsc",
          "test": "ts-node-dev --respawn test/index.ts",
          "server": "node --inspect=9229 test/index.ts"
      },
      "devDependencies": {
          "@types/node": "^10.12.15",
          "ts-node": "^8.10.2",
          "ts-node-dev": "1.0.0-pre.54",
          "typescript": "^3.9.7",
          "jimp": "^0.16.1",
          "@q/qcdn": "^3.1.6"
      },
      "keywords": [
          "picasso",
          "Picasso",
          "code",
          "parse",
          "sketch",
          "sketchToCode",
          "设计稿",
          "代码转换",
          "设计稿转换代码"
      ],
      "author": {
          "name": "huangwencun",
          "email": "huangwencun1990@gmail.com"
      },
      "bugs": {
          "url": "https://github.com/wuba/Picasso/issues"
      },
      "repository": {
          "type": "git",
          "url": "git+https://github.com/wuba/Picasso.git"
      },
      "license": "MIT"
  }

yarn manifest: 
  No manifest

Lockfile: 
  # THIS IS AN AUTOGENERATED FILE. DO NOT EDIT THIS FILE DIRECTLY.
  # yarn lockfile v1
  
  
  "@babel/runtime@^7.7.2":
    version "7.16.3"
    resolved "https://registry.npmmirror.com/@babel/runtime/download/@babel/runtime-7.16.3.tgz?cache=0&sync_timestamp=1636494920863&other_urls=https%3A%2F%2Fregistry.npmmirror.com%2F%40babel%2Fruntime%2Fdownload%2F%40babel%2Fruntime-7.16.3.tgz#b86f0db02a04187a3c17caa77de69840165d42d5"
    integrity sha512-WBwekcqacdY2e9AF/Q7WLFUWmdJGJTkbjqTjoMDgXkVZ3ZRUvOPsLb5KdwISoQVsbP+DQzVZW4Zhci0DvpbNTQ==
    dependencies:
      regenerator-runtime "^0.13.4"
  
  "@jimp/bmp@^0.16.1":
    version "0.16.1"
    resolved "https://registry.npmmirror.com/@jimp/bmp/download/@jimp/bmp-0.16.1.tgz?cache=0&sync_timestamp=1635437602964&other_urls=https%3A%2F%2Fregistry.npmmirror.com%2F%40jimp%2Fbmp%2Fdownload%2F%40jimp%2Fbmp-0.16.1.tgz#6e2da655b2ba22e721df0795423f34e92ef13768"
    integrity sha1-bi2mVbK6Iuch3weVQj806S7xN2g=
    dependencies:
      "@babel/runtime" "^7.7.2"
      "@jimp/utils" "^0.16.1"
      bmp-js "^0.1.0"
  
  "@jimp/core@^0.16.1":
    version "0.16.1"
    resolved "https://registry.npmmirror.com/@jimp/core/download/@jimp/core-0.16.1.tgz?cache=0&sync_timestamp=1635437599441&other_urls=https%3A%2F%2Fregistry.npmmirror.com%2F%40jimp%2Fcore%2Fdownload%2F%40jimp%2Fcore-0.16.1.tgz#68c4288f6ef7f31a0f6b859ba3fb28dae930d39d"
    integrity sha1-aMQoj2738xoPa4Wbo/so2ukw050=
    dependencies:
      "@babel/runtime" "^7.7.2"
      "@jimp/utils" "^0.16.1"
      any-base "^1.1.0"
      buffer "^5.2.0"
      exif-parser "^0.1.12"
      file-type "^9.0.0"
      load-bmfont "^1.3.1"
      mkdirp "^0.5.1"
      phin "^2.9.1"
      pixelmatch "^4.0.2"
      tinycolor2 "^1.4.1"
  
  "@jimp/custom@^0.16.1":
    version "0.16.1"
    resolved "https://registry.npmmirror.com/@jimp/custom/download/@jimp/custom-0.16.1.tgz?cache=0&sync_timestamp=1635437598888&other_urls=https%3A%2F%2Fregistry.npmmirror.com%2F%40jimp%2Fcustom%2Fdownload%2F%40jimp%2Fcustom-0.16.1.tgz#28b659c59e20a1d75a0c46067bd3f4bd302cf9c5"
    integrity sha1-KLZZxZ4goddaDEYGe9P0vTAs+cU=
    dependencies:
      "@babel/runtime" "^7.7.2"
      "@jimp/core" "^0.16.1"
  
  "@jimp/gif@^0.16.1":
    version "0.16.1"
    resolved "https://registry.npmmirror.com/@jimp/gif/download/@jimp/gif-0.16.1.tgz?cache=0&sync_timestamp=1635437604607&other_urls=https%3A%2F%2Fregistry.npmmirror.com%2F%40jimp%2Fgif%2Fdownload%2F%40jimp%2Fgif-0.16.1.tgz#d1f7c3a58f4666482750933af8b8f4666414f3ca"
    integrity sha1-0ffDpY9GZkgnUJM6+Lj0ZmQU88o=
    dependencies:
      "@babel/runtime" "^7.7.2"
      "@jimp/utils" "^0.16.1"
      gifwrap "^0.9.2"
      omggif "^1.0.9"
  
  "@jimp/jpeg@^0.16.1":
    version "0.16.1"
    resolved "https://registry.npmmirror.com/@jimp/jpeg/download/@jimp/jpeg-0.16.1.tgz?cache=0&sync_timestamp=1635437604763&other_urls=https%3A%2F%2Fregistry.npmmirror.com%2F%40jimp%2Fjpeg%2Fdownload%2F%40jimp%2Fjpeg-0.16.1.tgz#3b7bb08a4173f2f6d81f3049b251df3ee2ac8175"
    integrity sha1-O3uwikFz8vbYHzBJslHfPuKsgXU=
    dependencies:
      "@babel/runtime" "^7.7.2"
      "@jimp/utils" "^0.16.1"
      jpeg-js "0.4.2"
  
  "@jimp/plugin-blit@^0.16.1":
    version "0.16.1"
    resolved "https://registry.npmmirror.com/@jimp/plugin-blit/download/@jimp/plugin-blit-0.16.1.tgz?cache=0&sync_timestamp=1635437599605&other_urls=https%3A%2F%2Fregistry.npmmirror.com%2F%40jimp%2Fplugin-blit%2Fdownload%2F%40jimp%2Fplugin-blit-0.16.1.tgz#09ea919f9d326de3b9c2826fe4155da37dde8edb"
    integrity sha1-CeqRn50ybeO5woJv5BVdo33ejts=
    dependencies:
      "@babel/runtime" "^7.7.2"
      "@jimp/utils" "^0.16.1"
  
  "@jimp/plugin-blur@^0.16.1":
    version "0.16.1"
    resolved "https://registry.npmmirror.com/@jimp/plugin-blur/download/@jimp/plugin-blur-0.16.1.tgz?cache=0&sync_timestamp=1635437599754&other_urls=https%3A%2F%2Fregistry.npmmirror.com%2F%40jimp%2Fplugin-blur%2Fdownload%2F%40jimp%2Fplugin-blur-0.16.1.tgz#e614fa002797dcd662e705d4cea376e7db968bf5"
    integrity sha1-5hT6ACeX3NZi5wXUzqN259uWi/U=
    dependencies:
      "@babel/runtime" "^7.7.2"
      "@jimp/utils" "^0.16.1"
  
  "@jimp/plugin-circle@^0.16.1":
    version "0.16.1"
    resolved "https://registry.npmmirror.com/@jimp/plugin-circle/download/@jimp/plugin-circle-0.16.1.tgz?cache=0&sync_timestamp=1635437599958&other_urls=https%3A%2F%2Fregistry.npmmirror.com%2F%40jimp%2Fplugin-circle%2Fdownload%2F%40jimp%2Fplugin-circle-0.16.1.tgz#20e3194a67ca29740aba2630fd4d0a89afa27491"
    integrity sha1-IOMZSmfKKXQKuiYw/U0Kia+idJE=
    dependencies:
      "@babel/runtime" "^7.7.2"
      "@jimp/utils" "^0.16.1"
  
  "@jimp/plugin-color@^0.16.1":
    version "0.16.1"
    resolved "https://registry.npmmirror.com/@jimp/plugin-color/download/@jimp/plugin-color-0.16.1.tgz?cache=0&sync_timestamp=1635437600131&other_urls=https%3A%2F%2Fregistry.npmmirror.com%2F%40jimp%2Fplugin-color%2Fdownload%2F%40jimp%2Fplugin-color-0.16.1.tgz#0f298ba74dee818b663834cd80d53e56f3755233"
    integrity sha1-DymLp03ugYtmODTNgNU+VvN1UjM=
    dependencies:
      "@babel/runtime" "^7.7.2"
      "@jimp/utils" "^0.16.1"
      tinycolor2 "^1.4.1"
  
  "@jimp/plugin-contain@^0.16.1":
    version "0.16.1"
    resolved "https://registry.npmmirror.com/@jimp/plugin-contain/download/@jimp/plugin-contain-0.16.1.tgz?cache=0&sync_timestamp=1635437600286&other_urls=https%3A%2F%2Fregistry.npmmirror.com%2F%40jimp%2Fplugin-contain%2Fdownload%2F%40jimp%2Fplugin-contain-0.16.1.tgz#3c5f5c495fd9bb08a970739d83694934f58123f2"
    integrity sha1-PF9cSV/ZuwipcHOdg2lJNPWBI/I=
    dependencies:
      "@babel/runtime" "^7.7.2"
      "@jimp/utils" "^0.16.1"
  
  "@jimp/plugin-cover@^0.16.1":
    version "0.16.1"
    resolved "https://registry.npmmirror.com/@jimp/plugin-cover/download/@jimp/plugin-cover-0.16.1.tgz?cache=0&sync_timestamp=1635437600480&other_urls=https%3A%2F%2Fregistry.npmmirror.com%2F%40jimp%2Fplugin-cover%2Fdownload%2F%40jimp%2Fplugin-cover-0.16.1.tgz#0e8caec16a40abe15b1b32e5383a603a3306dc41"
    integrity sha1-DoyuwWpAq+FbGzLlODpgOjMG3EE=
    dependencies:
      "@babel/runtime" "^7.7.2"
      "@jimp/utils" "^0.16.1"
  
  "@jimp/plugin-crop@^0.16.1":
    version "0.16.1"
    resolved "https://registry.npmmirror.com/@jimp/plugin-crop/download/@jimp/plugin-crop-0.16.1.tgz?cache=0&sync_timestamp=1635437600648&other_urls=https%3A%2F%2Fregistry.npmmirror.com%2F%40jimp%2Fplugin-crop%2Fdownload%2F%40jimp%2Fplugin-crop-0.16.1.tgz#b362497c873043fe47ba881ab08604bf7226f50f"
    integrity sha1-s2JJfIcwQ/5HuogasIYEv3Im9Q8=
    dependencies:
      "@babel/runtime" "^7.7.2"
      "@jimp/utils" "^0.16.1"
  
  "@jimp/plugin-displace@^0.16.1":
    version "0.16.1"
    resolved "https://registry.npmmirror.com/@jimp/plugin-displace/download/@jimp/plugin-displace-0.16.1.tgz?cache=0&sync_timestamp=1635437604423&other_urls=https%3A%2F%2Fregistry.npmmirror.com%2F%40jimp%2Fplugin-displace%2Fdownload%2F%40jimp%2Fplugin-displace-0.16.1.tgz#4dd9db518c3e78de9d723f86a234bf98922afe8d"
    integrity sha1-TdnbUYw+eN6dcj+GojS/mJIq/o0=
    dependencies:
      "@babel/runtime" "^7.7.2"
      "@jimp/utils" "^0.16.1"
  
  "@jimp/plugin-dither@^0.16.1":
    version "0.16.1"
    resolved "https://registry.npmmirror.com/@jimp/plugin-dither/download/@jimp/plugin-dither-0.16.1.tgz?cache=0&sync_timestamp=1635437600824&other_urls=https%3A%2F%2Fregistry.npmmirror.com%2F%40jimp%2Fplugin-dither%2Fdownload%2F%40jimp%2Fplugin-dither-0.16.1.tgz#b47de2c0bb09608bed228b41c3cd01a85ec2d45b"
    integrity sha1-tH3iwLsJYIvtIotBw80BqF7C1Fs=
    dependencies:
      "@babel/runtime" "^7.7.2"
      "@jimp/utils" "^0.16.1"
  
  "@jimp/plugin-fisheye@^0.16.1":
    version "0.16.1"
    resolved "https://registry.npmmirror.com/@jimp/plugin-fisheye/download/@jimp/plugin-fisheye-0.16.1.tgz?cache=0&sync_timestamp=1635437600977&other_urls=https%3A%2F%2Fregistry.npmmirror.com%2F%40jimp%2Fplugin-fisheye%2Fdownload%2F%40jimp%2Fplugin-fisheye-0.16.1.tgz#f625047b6cdbe1b83b89e9030fd025ab19cdb1a4"
    integrity sha1-9iUEe2zb4bg7iekDD9AlqxnNsaQ=
    dependencies:
      "@babel/runtime" "^7.7.2"
      "@jimp/utils" "^0.16.1"
  
  "@jimp/plugin-flip@^0.16.1":
    version "0.16.1"
    resolved "https://registry.npmmirror.com/@jimp/plugin-flip/download/@jimp/plugin-flip-0.16.1.tgz?cache=0&sync_timestamp=1635437601137&other_urls=https%3A%2F%2Fregistry.npmmirror.com%2F%40jimp%2Fplugin-flip%2Fdownload%2F%40jimp%2Fplugin-flip-0.16.1.tgz#7a99ea22bde802641017ed0f2615870c144329bb"
    integrity sha1-epnqIr3oAmQQF+0PJhWHDBRDKbs=
    dependencies:
      "@babel/runtime" "^7.7.2"
      "@jimp/utils" "^0.16.1"
  
  "@jimp/plugin-gaussian@^0.16.1":
    version "0.16.1"
    resolved "https://registry.npmmirror.com/@jimp/plugin-gaussian/download/@jimp/plugin-gaussian-0.16.1.tgz?cache=0&sync_timestamp=1635437601299&other_urls=https%3A%2F%2Fregistry.npmmirror.com%2F%40jimp%2Fplugin-gaussian%2Fdownload%2F%40jimp%2Fplugin-gaussian-0.16.1.tgz#0845e314085ccd52e34fad9a83949bc0d81a68e8"
    integrity sha1-CEXjFAhczVLjT62ag5SbwNgaaOg=
    dependencies:
      "@babel/runtime" "^7.7.2"
      "@jimp/utils" "^0.16.1"
  
  "@jimp/plugin-invert@^0.16.1":
    version "0.16.1"
    resolved "https://registry.npmmirror.com/@jimp/plugin-invert/download/@jimp/plugin-invert-0.16.1.tgz?cache=0&sync_timestamp=1635437601433&other_urls=https%3A%2F%2Fregistry.npmmirror.com%2F%40jimp%2Fplugin-invert%2Fdownload%2F%40jimp%2Fplugin-invert-0.16.1.tgz#7e6f5a15707256f3778d06921675bbcf18545c97"
    integrity sha1-fm9aFXByVvN3jQaSFnW7zxhUXJc=
    dependencies:
      "@babel/runtime" "^7.7.2"
      "@jimp/utils" "^0.16.1"
  
  "@jimp/plugin-mask@^0.16.1":
    version "0.16.1"
    resolved "https://registry.npmmirror.com/@jimp/plugin-mask/download/@jimp/plugin-mask-0.16.1.tgz?cache=0&sync_timestamp=1635437601598&other_urls=https%3A%2F%2Fregistry.npmmirror.com%2F%40jimp%2Fplugin-mask%2Fdownload%2F%40jimp%2Fplugin-mask-0.16.1.tgz#e7f2460e05c3cda7af5e76f33ccb0579f66f90df"
    integrity sha1-5/JGDgXDzaevXnbzPMsFefZvkN8=
    dependencies:
      "@babel/runtime" "^7.7.2"
      "@jimp/utils" "^0.16.1"
  
  "@jimp/plugin-normalize@^0.16.1":
    version "0.16.1"
    resolved "https://registry.npmmirror.com/@jimp/plugin-normalize/download/@jimp/plugin-normalize-0.16.1.tgz?cache=0&sync_timestamp=1635437601781&other_urls=https%3A%2F%2Fregistry.npmmirror.com%2F%40jimp%2Fplugin-normalize%2Fdownload%2F%40jimp%2Fplugin-normalize-0.16.1.tgz#032dfd88eefbc4dedc8b1b2d243832e4f3af30c8"
    integrity sha1-Ay39iO77xN7cixstJDgy5POvMMg=
    dependencies:
      "@babel/runtime" "^7.7.2"
      "@jimp/utils" "^0.16.1"
  
  "@jimp/plugin-print@^0.16.1":
    version "0.16.1"
    resolved "https://registry.npmmirror.com/@jimp/plugin-print/download/@jimp/plugin-print-0.16.1.tgz?cache=0&sync_timestamp=1635437601945&other_urls=https%3A%2F%2Fregistry.npmmirror.com%2F%40jimp%2Fplugin-print%2Fdownload%2F%40jimp%2Fplugin-print-0.16.1.tgz#66b803563f9d109825970714466e6ab9ae639ff6"
    integrity sha1-ZrgDVj+dEJgllwcURm5qua5jn/Y=
    dependencies:
      "@babel/runtime" "^7.7.2"
      "@jimp/utils" "^0.16.1"
      load-bmfont "^1.4.0"
  
  "@jimp/plugin-resize@^0.16.1":
    version "0.16.1"
    resolved "https://registry.npmmirror.com/@jimp/plugin-resize/download/@jimp/plugin-resize-0.16.1.tgz?cache=0&sync_timestamp=1635437602096&other_urls=https%3A%2F%2Fregistry.npmmirror.com%2F%40jimp%2Fplugin-resize%2Fdownload%2F%40jimp%2Fplugin-resize-0.16.1.tgz#65e39d848ed13ba2d6c6faf81d5d590396571d10"
    integrity sha1-ZeOdhI7RO6LWxvr4HV1ZA5ZXHRA=
    dependencies:
      "@babel/runtime" "^7.7.2"
      "@jimp/utils" "^0.16.1"
  
  "@jimp/plugin-rotate@^0.16.1":
    version "0.16.1"
    resolved "https://registry.npmmirror.com/@jimp/plugin-rotate/download/@jimp/plugin-rotate-0.16.1.tgz?cache=0&sync_timestamp=1635437602247&other_urls=https%3A%2F%2Fregistry.npmmirror.com%2F%40jimp%2Fplugin-rotate%2Fdownload%2F%40jimp%2Fplugin-rotate-0.16.1.tgz#53fb5d51a4b3d05af9c91c2a8fffe5d7a1a47c8c"
    integrity sha1-U/tdUaSz0Fr5yRwqj//l16GkfIw=
    dependencies:
      "@babel/runtime" "^7.7.2"
      "@jimp/utils" "^0.16.1"
  
  "@jimp/plugin-scale@^0.16.1":
    version "0.16.1"
    resolved "https://registry.npmmirror.com/@jimp/plugin-scale/download/@jimp/plugin-scale-0.16.1.tgz?cache=0&sync_timestamp=1635437602438&other_urls=https%3A%2F%2Fregistry.npmmirror.com%2F%40jimp%2Fplugin-scale%2Fdownload%2F%40jimp%2Fplugin-scale-0.16.1.tgz#89f6ba59feed3429847ed226aebda33a240cc647"
    integrity sha1-ifa6Wf7tNCmEftImrr2jOiQMxkc=
    dependencies:
      "@babel/runtime" "^7.7.2"
      "@jimp/utils" "^0.16.1"
  
  "@jimp/plugin-shadow@^0.16.1":
    version "0.16.1"
    resolved "https://registry.npmmirror.com/@jimp/plugin-shadow/download/@jimp/plugin-shadow-0.16.1.tgz?cache=0&sync_timestamp=1635437602588&other_urls=https%3A%2F%2Fregistry.npmmirror.com%2F%40jimp%2Fplugin-shadow%2Fdownload%2F%40jimp%2Fplugin-shadow-0.16.1.tgz#a7af892a740febf41211e10a5467c3c5c521a04c"
    integrity sha1-p6+JKnQP6/QSEeEKVGfDxcUhoEw=
    dependencies:
      "@babel/runtime" "^7.7.2"
      "@jimp/utils" "^0.16.1"
  
  "@jimp/plugin-threshold@^0.16.1":
    version "0.16.1"
    resolved "https://registry.npmmirror.com/@jimp/plugin-threshold/download/@jimp/plugin-threshold-0.16.1.tgz?cache=0&sync_timestamp=1635437602766&other_urls=https%3A%2F%2Fregistry.npmmirror.com%2F%40jimp%2Fplugin-threshold%2Fdownload%2F%40jimp%2Fplugin-threshold-0.16.1.tgz#34f3078f9965145b7ae26c53a32ad74b1195bbf5"
    integrity sha1-NPMHj5llFFt64mxToyrXSxGVu/U=
    dependencies:
      "@babel/runtime" "^7.7.2"
      "@jimp/utils" "^0.16.1"
  
  "@jimp/plugins@^0.16.1":
    version "0.16.1"
    resolved "https://registry.npmmirror.com/@jimp/plugins/download/@jimp/plugins-0.16.1.tgz?cache=0&sync_timestamp=1635437599088&other_urls=https%3A%2F%2Fregistry.npmmirror.com%2F%40jimp%2Fplugins%2Fdownload%2F%40jimp%2Fplugins-0.16.1.tgz#9f08544c97226d6460a16ced79f57e85bec3257b"
    integrity sha1-nwhUTJcibWRgoWztefV+hb7DJXs=
    dependencies:
      "@babel/runtime" "^7.7.2"
      "@jimp/plugin-blit" "^0.16.1"
      "@jimp/plugin-blur" "^0.16.1"
      "@jimp/plugin-circle" "^0.16.1"
      "@jimp/plugin-color" "^0.16.1"
      "@jimp/plugin-contain" "^0.16.1"
      "@jimp/plugin-cover" "^0.16.1"
      "@jimp/plugin-crop" "^0.16.1"
      "@jimp/plugin-displace" "^0.16.1"
      "@jimp/plugin-dither" "^0.16.1"
      "@jimp/plugin-fisheye" "^0.16.1"
      "@jimp/plugin-flip" "^0.16.1"
      "@jimp/plugin-gaussian" "^0.16.1"
      "@jimp/plugin-invert" "^0.16.1"
      "@jimp/plugin-mask" "^0.16.1"
      "@jimp/plugin-normalize" "^0.16.1"
      "@jimp/plugin-print" "^0.16.1"
      "@jimp/plugin-resize" "^0.16.1"
      "@jimp/plugin-rotate" "^0.16.1"
      "@jimp/plugin-scale" "^0.16.1"
      "@jimp/plugin-shadow" "^0.16.1"
      "@jimp/plugin-threshold" "^0.16.1"
      timm "^1.6.1"
  
  "@jimp/png@^0.16.1":
    version "0.16.1"
    resolved "https://registry.npmmirror.com/@jimp/png/download/@jimp/png-0.16.1.tgz?cache=0&sync_timestamp=1635437604944&other_urls=https%3A%2F%2Fregistry.npmmirror.com%2F%40jimp%2Fpng%2Fdownload%2F%40jimp%2Fpng-0.16.1.tgz#f24cfc31529900b13a2dd9d4fdb4460c1e4d814e"
    integrity sha1-8kz8MVKZALE6LdnU/bRGDB5NgU4=
    dependencies:
      "@babel/runtime" "^7.7.2"
      "@jimp/utils" "^0.16.1"
      pngjs "^3.3.3"
  
  "@jimp/tiff@^0.16.1":
    version "0.16.1"
    resolved "https://registry.npmmirror.com/@jimp/tiff/download/@jimp/tiff-0.16.1.tgz?cache=0&sync_timestamp=1635437605083&other_urls=https%3A%2F%2Fregistry.npmmirror.com%2F%40jimp%2Ftiff%2Fdownload%2F%40jimp%2Ftiff-0.16.1.tgz#0e8756695687d7574b6bc73efab0acd4260b7a12"
    integrity sha1-DodWaVaH11dLa8c++rCs1CYLehI=
    dependencies:
      "@babel/runtime" "^7.7.2"
      utif "^2.0.1"
  
  "@jimp/types@^0.16.1":
    version "0.16.1"
    resolved "https://registry.npmmirror.com/@jimp/types/download/@jimp/types-0.16.1.tgz?cache=0&sync_timestamp=1635437599292&other_urls=https%3A%2F%2Fregistry.npmmirror.com%2F%40jimp%2Ftypes%2Fdownload%2F%40jimp%2Ftypes-0.16.1.tgz#0dbab37b3202315c91010f16c31766d35a2322cc"
    integrity sha1-DbqzezICMVyRAQ8Wwxdm01ojIsw=
    dependencies:
      "@babel/runtime" "^7.7.2"
      "@jimp/bmp" "^0.16.1"
      "@jimp/gif" "^0.16.1"
      "@jimp/jpeg" "^0.16.1"
      "@jimp/png" "^0.16.1"
      "@jimp/tiff" "^0.16.1"
      timm "^1.6.1"
  
  "@jimp/utils@^0.16.1":
    version "0.16.1"
    resolved "https://registry.npmmirror.com/@jimp/utils/download/@jimp/utils-0.16.1.tgz?cache=0&sync_timestamp=1635437605214&other_urls=https%3A%2F%2Fregistry.npmmirror.com%2F%40jimp%2Futils%2Fdownload%2F%40jimp%2Futils-0.16.1.tgz#2f51e6f14ff8307c4aa83d5e1a277da14a9fe3f7"
    integrity sha1-L1Hm8U/4MHxKqD1eGid9oUqf4/c=
    dependencies:
      "@babel/runtime" "^7.7.2"
      regenerator-runtime "^0.13.3"
  
  "@types/node@^10.12.15":
    version "10.17.60"
    resolved "https://registry.npmmirror.com/@types/node/download/@types/node-10.17.60.tgz#35f3d6213daed95da7f0f73e75bcc6980e90597b"
    integrity sha1-NfPWIT2u2V2n8Pc+dbzGmA6QWXs=
  
  "@types/strip-bom@^3.0.0":
    version "3.0.0"
    resolved "https://registry.nlark.com/@types/strip-bom/download/@types/strip-bom-3.0.0.tgz#14a8ec3956c2e81edb7520790aecf21c290aebd2"
    integrity sha1-FKjsOVbC6B7bdSB5CuzyHCkK69I=
  
  "@types/strip-json-comments@0.0.30":
    version "0.0.30"
    resolved "https://registry.nlark.com/@types/strip-json-comments/download/@types/strip-json-comments-0.0.30.tgz#9aa30c04db212a9a0649d6ae6fd50accc40748a1"
    integrity sha1-mqMMBNshKpoGSdaub9UKzMQHSKE=
  
  any-base@^1.1.0:
    version "1.1.0"
    resolved "https://registry.nlark.com/any-base/download/any-base-1.1.0.tgz#ae101a62bc08a597b4c9ab5b7089d456630549fe"
    integrity sha1-rhAaYrwIpZe0yatbcInUVmMFSf4=
  
  anymatch@~3.1.2:
    version "3.1.2"
    resolved "https://registry.nlark.com/anymatch/download/anymatch-3.1.2.tgz#c0557c096af32f106198f4f4e2a383537e378716"
    integrity sha1-wFV8CWrzLxBhmPT04qODU343hxY=
    dependencies:
      normalize-path "^3.0.0"
      picomatch "^2.0.4"
  
  arg@^4.1.0:
    version "4.1.3"
    resolved "https://registry.nlark.com/arg/download/arg-4.1.3.tgz#269fc7ad5b8e42cb63c896d5666017261c144089"
    integrity sha1-Jp/HrVuOQstjyJbVZmAXJhwUQIk=
  
  array-find-index@^1.0.1:
    version "1.0.2"
    resolved "https://registry.nlark.com/array-find-index/download/array-find-index-1.0.2.tgz#df010aa1287e164bbda6f9723b0a96a1ec4187a1"
    integrity sha1-3wEKoSh+Fku9pvlyOwqWoexBh6E=
  
  balanced-match@^1.0.0:
    version "1.0.2"
    resolved "https://registry.nlark.com/balanced-match/download/balanced-match-1.0.2.tgz#e83e3a7e3f300b34cb9d87f615fa0cbf357690ee"
    integrity sha1-6D46fj8wCzTLnYf2FfoMvzV2kO4=
  
  base64-js@^1.3.1:
    version "1.5.1"
    resolved "https://registry.nlark.com/base64-js/download/base64-js-1.5.1.tgz#1b1b440160a5bf7ad40b650f095963481903930a"
    integrity sha1-GxtEAWClv3rUC2UPCVljSBkDkwo=
  
  binary-extensions@^2.0.0:
    version "2.2.0"
    resolved "https://registry.nlark.com/binary-extensions/download/binary-extensions-2.2.0.tgz#75f502eeaf9ffde42fc98829645be4ea76bd9e2d"
    integrity sha1-dfUC7q+f/eQvyYgpZFvk6na9ni0=
  
  bmp-js@^0.1.0:
    version "0.1.0"
    resolved "https://registry.nlark.com/bmp-js/download/bmp-js-0.1.0.tgz#e05a63f796a6c1ff25f4771ec7adadc148c07233"
    integrity sha1-4Fpj95amwf8l9Hcex62twUjAcjM=
  
  brace-expansion@^1.1.7:
    version "1.1.11"
    resolved "https://registry.npm.taobao.org/brace-expansion/download/brace-expansion-1.1.11.tgz?cache=0&sync_timestamp=1614010713935&other_urls=https%3A%2F%2Fregistry.npm.taobao.org%2Fbrace-expansion%2Fdownload%2Fbrace-expansion-1.1.11.tgz#3c7fcbf529d87226f3d2f52b966ff5271eb441dd"
    integrity sha1-PH/L9SnYcibz0vUrlm/1Jx60Qd0=
    dependencies:
      balanced-match "^1.0.0"
      concat-map "0.0.1"
  
  braces@~3.0.2:
    version "3.0.2"
    resolved "https://registry.nlark.com/braces/download/braces-3.0.2.tgz#3454e1a462ee8d599e236df336cd9ea4f8afe107"
    integrity sha1-NFThpGLujVmeI23zNs2epPiv4Qc=
    dependencies:
      fill-range "^7.0.1"
  
  buffer-equal@0.0.1:
    version "0.0.1"
    resolved "https://registry.nlark.com/buffer-equal/download/buffer-equal-0.0.1.tgz#91bc74b11ea405bc916bc6aa908faafa5b4aac4b"
    integrity sha1-kbx0sR6kBbyRa8aqkI+q+ltKrEs=
  
  buffer-from@^1.0.0:
    version "1.1.2"
    resolved "https://registry.nlark.com/buffer-from/download/buffer-from-1.1.2.tgz?cache=0&sync_timestamp=1627578710888&other_urls=https%3A%2F%2Fregistry.nlark.com%2Fbuffer-from%2Fdownload%2Fbuffer-from-1.1.2.tgz#2b146a6fd72e80b4f55d255f35ed59a3a9a41bd5"
    integrity sha1-KxRqb9cugLT1XSVfNe1Zo6mkG9U=
  
  buffer@^5.2.0:
    version "5.7.1"
    resolved "https://registry.nlark.com/buffer/download/buffer-5.7.1.tgz#ba62e7c13133053582197160851a8f648e99eed0"
    integrity sha1-umLnwTEzBTWCGXFghRqPZI6Z7tA=
    dependencies:
      base64-js "^1.3.1"
      ieee754 "^1.1.13"
  
  camelcase-keys@^2.0.0:
    version "2.1.0"
    resolved "https://registry.npmmirror.com/camelcase-keys/download/camelcase-keys-2.1.0.tgz?cache=0&sync_timestamp=1633332959770&other_urls=https%3A%2F%2Fregistry.npmmirror.com%2Fcamelcase-keys%2Fdownload%2Fcamelcase-keys-2.1.0.tgz#308beeaffdf28119051efa1d932213c91b8f92e7"
    integrity sha1-MIvur/3ygRkFHvodkyITyRuPkuc=
    dependencies:
      camelcase "^2.0.0"
      map-obj "^1.0.0"
  
  camelcase@^2.0.0:
    version "2.1.1"
    resolved "https://registry.npmmirror.com/camelcase/download/camelcase-2.1.1.tgz?cache=0&sync_timestamp=1636945191390&other_urls=https%3A%2F%2Fregistry.npmmirror.com%2Fcamelcase%2Fdownload%2Fcamelcase-2.1.1.tgz#7c1d16d679a1bbe59ca02cacecfb011e201f5a1f"
    integrity sha1-fB0W1nmhu+WcoCys7PsBHiAfWh8=
  
  chokidar@^3.4.0:
    version "3.5.2"
    resolved "https://registry.npmmirror.com/chokidar/download/chokidar-3.5.2.tgz#dba3976fcadb016f66fd365021d91600d01c1e75"
    integrity sha1-26OXb8rbAW9m/TZQIdkWANAcHnU=
    dependencies:
      anymatch "~3.1.2"
      braces "~3.0.2"
      glob-parent "~5.1.2"
      is-binary-path "~2.1.0"
      is-glob "~4.0.1"
      normalize-path "~3.0.0"
      readdirp "~3.6.0"
    optionalDependencies:
      fsevents "~2.3.2"
  
  concat-map@0.0.1:
    version "0.0.1"
    resolved "https://registry.npm.taobao.org/concat-map/download/concat-map-0.0.1.tgz#d8a96bd77fd68df7793a73036a3ba0d5405d477b"
    integrity sha1-2Klr13/Wjfd5OnMDajug1UBdR3s=
  
  currently-unhandled@^0.4.1:
    version "0.4.1"
    resolved "https://registry.nlark.com/currently-unhandled/download/currently-unhandled-0.4.1.tgz#988df33feab191ef799a61369dd76c17adf957ea"
    integrity sha1-mI3zP+qxke95mmE2nddsF635V+o=
    dependencies:
      array-find-index "^1.0.1"
  
  dateformat@~1.0.4-1.2.3:
    version "1.0.12"
    resolved "https://registry.npmmirror.com/dateformat/download/dateformat-1.0.12.tgz?cache=0&sync_timestamp=1634391366523&other_urls=https%3A%2F%2Fregistry.npmmirror.com%2Fdateformat%2Fdownload%2Fdateformat-1.0.12.tgz#9f124b67594c937ff706932e4a642cca8dbbfee9"
    integrity sha1-nxJLZ1lMk3/3BpMuSmQsyo27/uk=
    dependencies:
      get-stdin "^4.0.1"
      meow "^3.3.0"
  
  decamelize@^1.1.2:
    version "1.2.0"
    resolved "https://registry.npmmirror.com/decamelize/download/decamelize-1.2.0.tgz?cache=0&sync_timestamp=1633055713394&other_urls=https%3A%2F%2Fregistry.npmmirror.com%2Fdecamelize%2Fdownload%2Fdecamelize-1.2.0.tgz#f6534d15148269b20352e7bee26f501f9a191290"
    integrity sha1-9lNNFRSCabIDUue+4m9QH5oZEpA=
  
  diff@^4.0.1:
    version "4.0.2"
    resolved "https://registry.nlark.com/diff/download/diff-4.0.2.tgz?cache=0&sync_timestamp=1624608104914&other_urls=https%3A%2F%2Fregistry.nlark.com%2Fdiff%2Fdownload%2Fdiff-4.0.2.tgz#60f3aecb89d5fae520c11aa19efc2bb982aade7d"
    integrity sha1-YPOuy4nV+uUgwRqhnvwruYKq3n0=
  
  dom-walk@^0.1.0:
    version "0.1.2"
    resolved "https://registry.npm.taobao.org/dom-walk/download/dom-walk-0.1.2.tgz#0c548bef048f4d1f2a97249002236060daa3fd84"
    integrity sha1-DFSL7wSPTR8qlySQAiNgYNqj/YQ=
  
  dynamic-dedupe@^0.3.0:
    version "0.3.0"
    resolved "https://registry.npm.taobao.org/dynamic-dedupe/download/dynamic-dedupe-0.3.0.tgz#06e44c223f5e4e94d78ef9db23a6515ce2f962a1"
    integrity sha1-BuRMIj9eTpTXjvnbI6ZRXOL5YqE=
    dependencies:
      xtend "^4.0.0"
  
  error-ex@^1.2.0:
    version "1.3.2"
    resolved "https://registry.npm.taobao.org/error-ex/download/error-ex-1.3.2.tgz#b4ac40648107fdcdcfae242f428bea8a14d4f1bf"
    integrity sha1-tKxAZIEH/c3PriQvQovqihTU8b8=
    dependencies:
      is-arrayish "^0.2.1"
  
  exif-parser@^0.1.12:
    version "0.1.12"
    resolved "https://registry.npm.taobao.org/exif-parser/download/exif-parser-0.1.12.tgz#58a9d2d72c02c1f6f02a0ef4a9166272b7760922"
    integrity sha1-WKnS1ywCwfbwKg70qRZicrd2CSI=
  
  file-type@^9.0.0:
    version "9.0.0"
    resolved "https://registry.npmmirror.com/file-type/download/file-type-9.0.0.tgz#a68d5ad07f486414dfb2c8866f73161946714a18"
    integrity sha1-po1a0H9IZBTfssiGb3MWGUZxShg=
  
  fill-range@^7.0.1:
    version "7.0.1"
    resolved "https://registry.nlark.com/fill-range/download/fill-range-7.0.1.tgz#1919a6a7c75fe38b2c7c77e5198535da9acdda40"
    integrity sha1-GRmmp8df44ssfHflGYU12prN2kA=
    dependencies:
      to-regex-range "^5.0.1"
  
  find-up@^1.0.0:
    version "1.1.2"
    resolved "https://registry.npmmirror.com/find-up/download/find-up-1.1.2.tgz#6b2e9822b1a2ce0a60ab64d610eccad53cb24d0f"
    integrity sha1-ay6YIrGizgpgq2TWEOzK1TyyTQ8=
    dependencies:
      path-exists "^2.0.0"
      pinkie-promise "^2.0.0"
  
  fs.realpath@^1.0.0:
    version "1.0.0"
    resolved "https://registry.nlark.com/fs.realpath/download/fs.realpath-1.0.0.tgz#1504ad2523158caa40db4a2787cb01411994ea4f"
    integrity sha1-FQStJSMVjKpA20onh8sBQRmU6k8=
  
  fsevents@~2.3.2:
    version "2.3.2"
    resolved "https://registry.npmmirror.com/fsevents/download/fsevents-2.3.2.tgz#8a526f78b8fdf4623b709e0b975c52c24c02fd1a"
    integrity sha1-ilJveLj99GI7cJ4Ll1xSwkwC/Ro=
  
  function-bind@^1.1.1:
    version "1.1.1"
    resolved "https://registry.npm.taobao.org/function-bind/download/function-bind-1.1.1.tgz#a56899d3ea3c9bab874bb9773b7c5ede92f4895d"
    integrity sha1-pWiZ0+o8m6uHS7l3O3xe3pL0iV0=
  
  get-stdin@^4.0.1:
    version "4.0.1"
    resolved "https://registry.nlark.com/get-stdin/download/get-stdin-4.0.1.tgz#b968c6b0a04384324902e8bf1a5df32579a450fe"
    integrity sha1-uWjGsKBDhDJJAui/Gl3zJXmkUP4=
  
  gifwrap@^0.9.2:
    version "0.9.2"
    resolved "https://registry.npm.taobao.org/gifwrap/download/gifwrap-0.9.2.tgz#348e286e67d7cf57942172e1e6f05a71cee78489"
    integrity sha1-NI4obmfXz1eUIXLh5vBacc7nhIk=
    dependencies:
      image-q "^1.1.1"
      omggif "^1.0.10"
  
  glob-parent@~5.1.2:
    version "5.1.2"
    resolved "https://registry.npmmirror.com/glob-parent/download/glob-parent-5.1.2.tgz#869832c58034fe68a4093c17dc15e8340d8401c4"
    integrity sha1-hpgyxYA0/mikCTwX3BXoNA2EAcQ=
    dependencies:
      is-glob "^4.0.1"
  
  glob@^7.1.3:
    version "7.2.0"
    resolved "https://registry.npmmirror.com/glob/download/glob-7.2.0.tgz#d15535af7732e02e948f4c41628bd910293f6023"
    integrity sha1-0VU1r3cy4C6Uj0xBYovZECk/YCM=
    dependencies:
      fs.realpath "^1.0.0"
      inflight "^1.0.4"
      inherits "2"
      minimatch "^3.0.4"
      once "^1.3.0"
      path-is-absolute "^1.0.0"
  
  global@~4.4.0:
    version "4.4.0"
    resolved "https://registry.nlark.com/global/download/global-4.4.0.tgz#3e7b105179006a323ed71aafca3e9c57a5cc6406"
    integrity sha1-PnsQUXkAajI+1xqvyj6cV6XMZAY=
    dependencies:
      min-document "^2.19.0"
      process "^0.11.10"
  
  graceful-fs@^4.1.2:
    version "4.2.8"
    resolved "https://registry.npmmirror.com/graceful-fs/download/graceful-fs-4.2.8.tgz#e412b8d33f5e006593cbd3cee6df9f2cebbe802a"
    integrity sha1-5BK40z9eAGWTy9PO5t+fLOu+gCo=
  
  has@^1.0.3:
    version "1.0.3"
    resolved "https://registry.nlark.com/has/download/has-1.0.3.tgz#722d7cbfc1f6aa8241f16dd814e011e1f41e8796"
    integrity sha1-ci18v8H2qoJB8W3YFOAR4fQeh5Y=
    dependencies:
      function-bind "^1.1.1"
  
  hosted-git-info@^2.1.4:
    version "2.8.9"
    resolved "https://registry.nlark.com/hosted-git-info/download/hosted-git-info-2.8.9.tgz#dffc0bf9a21c02209090f2aa69429e1414daf3f9"
    integrity sha1-3/wL+aIcAiCQkPKqaUKeFBTa8/k=
  
  ieee754@^1.1.13:
    version "1.2.1"
    resolved "https://registry.nlark.com/ieee754/download/ieee754-1.2.1.tgz#8eb7a10a63fff25d15a57b001586d177d1b0d352"
    integrity sha1-jrehCmP/8l0VpXsAFYbRd9Gw01I=
  
  image-q@^1.1.1:
    version "1.1.1"
    resolved "https://registry.nlark.com/image-q/download/image-q-1.1.1.tgz#fc84099664460b90ca862d9300b6bfbbbfbf8056"
    integrity sha1-/IQJlmRGC5DKhi2TALa/u7+/gFY=
  
  indent-string@^2.1.0:
    version "2.1.0"
    resolved "https://registry.nlark.com/indent-string/download/indent-string-2.1.0.tgz#8e2d48348742121b4a8218b7a137e9a52049dc80"
    integrity sha1-ji1INIdCEhtKghi3oTfppSBJ3IA=
    dependencies:
      repeating "^2.0.0"
  
  inflight@^1.0.4:
    version "1.0.6"
    resolved "https://registry.npm.taobao.org/inflight/download/inflight-1.0.6.tgz#49bd6331d7d02d0c09bc910a1075ba8165b56df9"
    integrity sha1-Sb1jMdfQLQwJvJEKEHW6gWW1bfk=
    dependencies:
      once "^1.3.0"
      wrappy "1"
  
  inherits@2:
    version "2.0.4"
    resolved "https://registry.npm.taobao.org/inherits/download/inherits-2.0.4.tgz#0fa2c64f932917c3433a0ded55363aae37416b7c"
    integrity sha1-D6LGT5MpF8NDOg3tVTY6rjdBa3w=
  
  is-arrayish@^0.2.1:
    version "0.2.1"
    resolved "https://registry.nlark.com/is-arrayish/download/is-arrayish-0.2.1.tgz#77c99840527aa8ecb1a8ba697b80645a7a926a9d"
    integrity sha1-d8mYQFJ6qOyxqLppe4BkWnqSap0=
  
  is-binary-path@~2.1.0:
    version "2.1.0"
    resolved "https://registry.nlark.com/is-binary-path/download/is-binary-path-2.1.0.tgz#ea1f7f3b80f064236e83470f86c09c254fb45b09"
    integrity sha1-6h9/O4DwZCNug0cPhsCcJU+0Wwk=
    dependencies:
      binary-extensions "^2.0.0"
  
  is-core-module@^2.2.0:
    version "2.8.0"
    resolved "https://registry.npmmirror.com/is-core-module/download/is-core-module-2.8.0.tgz?cache=0&sync_timestamp=1634236702465&other_urls=https%3A%2F%2Fregistry.npmmirror.com%2Fis-core-module%2Fdownload%2Fis-core-module-2.8.0.tgz#0321336c3d0925e497fd97f5d95cb114a5ccd548"
    integrity sha1-AyEzbD0JJeSX/Zf12VyxFKXM1Ug=
    dependencies:
      has "^1.0.3"
  
  is-extglob@^2.1.1:
    version "2.1.1"
    resolved "https://registry.npm.taobao.org/is-extglob/download/is-extglob-2.1.1.tgz#a88c02535791f02ed37c76a1b9ea9773c833f8c2"
    integrity sha1-qIwCU1eR8C7TfHahueqXc8gz+MI=
  
  is-finite@^1.0.0:
    version "1.1.0"
    resolved "https://registry.npmmirror.com/is-finite/download/is-finite-1.1.0.tgz#904135c77fb42c0641d6aa1bcdbc4daa8da082f3"
    integrity sha1-kEE1x3+0LAZB1qobzbxNqo2ggvM=
  
  is-function@^1.0.1:
    version "1.0.2"
    resolved "https://registry.npm.taobao.org/is-function/download/is-function-1.0.2.tgz#4f097f30abf6efadac9833b17ca5dc03f8144e08"
    integrity sha1-Twl/MKv2762smDOxfKXcA/gUTgg=
  
  is-glob@^4.0.1, is-glob@~4.0.1:
    version "4.0.3"
    resolved "https://registry.npmmirror.com/is-glob/download/is-glob-4.0.3.tgz?cache=0&sync_timestamp=1632934586547&other_urls=https%3A%2F%2Fregistry.npmmirror.com%2Fis-glob%2Fdownload%2Fis-glob-4.0.3.tgz#64f61e42cbbb2eec2071a9dac0b28ba1e65d5084"
    integrity sha1-ZPYeQsu7LuwgcanawLKLoeZdUIQ=
    dependencies:
      is-extglob "^2.1.1"
  
  is-number@^7.0.0:
    version "7.0.0"
    resolved "https://registry.nlark.com/is-number/download/is-number-7.0.0.tgz#7535345b896734d5f80c4d06c50955527a14f12b"
    integrity sha1-dTU0W4lnNNX4DE0GxQlVUnoU8Ss=
  
  is-utf8@^0.2.0:
    version "0.2.1"
    resolved "https://registry.nlark.com/is-utf8/download/is-utf8-0.2.1.tgz#4b0da1442104d1b336340e80797e865cf39f7d72"
    integrity sha1-Sw2hRCEE0bM2NA6AeX6GXPOffXI=
  
  jimp@^0.16.1:
    version "0.16.1"
    resolved "https://registry.npmmirror.com/jimp/download/jimp-0.16.1.tgz?cache=0&sync_timestamp=1635437596981&other_urls=https%3A%2F%2Fregistry.npmmirror.com%2Fjimp%2Fdownload%2Fjimp-0.16.1.tgz#192f851a30e5ca11112a3d0aa53137659a78ca7a"
    integrity sha1-GS+FGjDlyhERKj0KpTE3ZZp4yno=
    dependencies:
      "@babel/runtime" "^7.7.2"
      "@jimp/custom" "^0.16.1"
      "@jimp/plugins" "^0.16.1"
      "@jimp/types" "^0.16.1"
      regenerator-runtime "^0.13.3"
  
  jpeg-js@0.4.2:
    version "0.4.2"
    resolved "https://registry.npm.taobao.org/jpeg-js/download/jpeg-js-0.4.2.tgz#8b345b1ae4abde64c2da2fe67ea216a114ac279d"
    integrity sha1-izRbGuSr3mTC2i/mfqIWoRSsJ50=
  
  load-bmfont@^1.3.1, load-bmfont@^1.4.0:
    version "1.4.1"
    resolved "https://registry.npm.taobao.org/load-bmfont/download/load-bmfont-1.4.1.tgz#c0f5f4711a1e2ccff725a7b6078087ccfcddd3e9"
    integrity sha1-wPX0cRoeLM/3Jae2B4CHzPzd0+k=
    dependencies:
      buffer-equal "0.0.1"
      mime "^1.3.4"
      parse-bmfont-ascii "^1.0.3"
      parse-bmfont-binary "^1.0.5"
      parse-bmfont-xml "^1.1.4"
      phin "^2.9.1"
      xhr "^2.0.1"
      xtend "^4.0.0"
  
  load-json-file@^1.0.0:
    version "1.1.0"
    resolved "https://registry.nlark.com/load-json-file/download/load-json-file-1.1.0.tgz?cache=0&sync_timestamp=1631508525141&other_urls=https%3A%2F%2Fregistry.nlark.com%2Fload-json-file%2Fdownload%2Fload-json-file-1.1.0.tgz#956905708d58b4bab4c2261b04f59f31c99374c0"
    integrity sha1-lWkFcI1YtLq0wiYbBPWfMcmTdMA=
    dependencies:
      graceful-fs "^4.1.2"
      parse-json "^2.2.0"
      pify "^2.0.0"
      pinkie-promise "^2.0.0"
      strip-bom "^2.0.0"
  
  loud-rejection@^1.0.0:
    version "1.6.0"
    resolved "https://registry.nlark.com/loud-rejection/download/loud-rejection-1.6.0.tgz#5b46f80147edee578870f086d04821cf998e551f"
    integrity sha1-W0b4AUft7leIcPCG0Eghz5mOVR8=
    dependencies:
      currently-unhandled "^0.4.1"
      signal-exit "^3.0.0"
  
  make-error@^1.1.1:
    version "1.3.6"
    resolved "https://registry.nlark.com/make-error/download/make-error-1.3.6.tgz#2eb2e37ea9b67c4891f684a1394799af484cf7a2"
    integrity sha1-LrLjfqm2fEiR9oShOUeZr0hM96I=
  
  map-obj@^1.0.0, map-obj@^1.0.1:
    version "1.0.1"
    resolved "https://registry.npmmirror.com/map-obj/download/map-obj-1.0.1.tgz?cache=0&sync_timestamp=1634552757429&other_urls=https%3A%2F%2Fregistry.npmmirror.com%2Fmap-obj%2Fdownload%2Fmap-obj-1.0.1.tgz#d933ceb9205d82bdcf4886f6742bdc2b4dea146d"
    integrity sha1-2TPOuSBdgr3PSIb2dCvcK03qFG0=
  
  meow@^3.3.0:
    version "3.7.0"
    resolved "https://registry.npmmirror.com/meow/download/meow-3.7.0.tgz?cache=0&sync_timestamp=1637477517282&other_urls=https%3A%2F%2Fregistry.npmmirror.com%2Fmeow%2Fdownload%2Fmeow-3.7.0.tgz#72cb668b425228290abbfa856892587308a801fb"
    integrity sha1-cstmi0JSKCkKu/qFaJJYcwioAfs=
    dependencies:
      camelcase-keys "^2.0.0"
      decamelize "^1.1.2"
      loud-rejection "^1.0.0"
      map-obj "^1.0.1"
      minimist "^1.1.3"
      normalize-package-data "^2.3.4"
      object-assign "^4.0.1"
      read-pkg-up "^1.0.1"
      redent "^1.0.0"
      trim-newlines "^1.0.0"
  
  mime@^1.3.4:
    version "1.6.0"
    resolved "https://registry.npmmirror.com/mime/download/mime-1.6.0.tgz#32cd9e5c64553bd58d19a568af452acff04981b1"
    integrity sha1-Ms2eXGRVO9WNGaVor0Uqz/BJgbE=
  
  min-document@^2.19.0:
    version "2.19.0"
    resolved "https://registry.npm.taobao.org/min-document/download/min-document-2.19.0.tgz#7bd282e3f5842ed295bb748cdd9f1ffa2c824685"
    integrity sha1-e9KC4/WELtKVu3SM3Z8f+iyCRoU=
    dependencies:
      dom-walk "^0.1.0"
  
  minimatch@^3.0.4:
    version "3.0.4"
    resolved "https://registry.nlark.com/minimatch/download/minimatch-3.0.4.tgz#5166e286457f03306064be5497e8dbb0c3d32083"
    integrity sha1-UWbihkV/AzBgZL5Ul+jbsMPTIIM=
    dependencies:
      brace-expansion "^1.1.7"
  
  minimist@^1.1.3, minimist@^1.2.5:
    version "1.2.5"
    resolved "https://registry.nlark.com/minimist/download/minimist-1.2.5.tgz#67d66014b66a6a8aaa0c083c5fd58df4e4e97602"
    integrity sha1-Z9ZgFLZqaoqqDAg8X9WN9OTpdgI=
  
  mkdirp@^0.5.1:
    version "0.5.5"
    resolved "https://registry.npmmirror.com/mkdirp/download/mkdirp-0.5.5.tgz#d91cefd62d1436ca0f41620e251288d420099def"
    integrity sha1-2Rzv1i0UNsoPQWIOJRKI1CAJne8=
    dependencies:
      minimist "^1.2.5"
  
  mkdirp@^1.0.4:
    version "1.0.4"
    resolved "https://registry.npmmirror.com/mkdirp/download/mkdirp-1.0.4.tgz#3eb5ed62622756d79a5f0e2a221dfebad75c2f7e"
    integrity sha1-PrXtYmInVteaXw4qIh3+utdcL34=
  
  normalize-package-data@^2.3.2, normalize-package-data@^2.3.4:
    version "2.5.0"
    resolved "https://registry.nlark.com/normalize-package-data/download/normalize-package-data-2.5.0.tgz#e66db1838b200c1dfc233225d12cb36520e234a8"
    integrity sha1-5m2xg4sgDB38IzIl0SyzZSDiNKg=
    dependencies:
      hosted-git-info "^2.1.4"
      resolve "^1.10.0"
      semver "2 || 3 || 4 || 5"
      validate-npm-package-license "^3.0.1"
  
  normalize-path@^3.0.0, normalize-path@~3.0.0:
    version "3.0.0"
    resolved "https://registry.nlark.com/normalize-path/download/normalize-path-3.0.0.tgz#0dcd69ff23a1c9b11fd0978316644a0388216a65"
    integrity sha1-Dc1p/yOhybEf0JeDFmRKA4ghamU=
  
  object-assign@^4.0.1:
    version "4.1.1"
    resolved "https://registry.nlark.com/object-assign/download/object-assign-4.1.1.tgz#2109adc7965887cfc05cbbd442cac8bfbb360863"
    integrity sha1-IQmtx5ZYh8/AXLvUQsrIv7s2CGM=
  
  omggif@^1.0.10, omggif@^1.0.9:
    version "1.0.10"
    resolved "https://registry.npm.taobao.org/omggif/download/omggif-1.0.10.tgz#ddaaf90d4a42f532e9e7cb3a95ecdd47f17c7b19"
    integrity sha1-3ar5DUpC9TLp58s6lezdR/F8exk=
  
  once@^1.3.0:
    version "1.4.0"
    resolved "https://registry.nlark.com/once/download/once-1.4.0.tgz#583b1aa775961d4b113ac17d9c50baef9dd76bd1"
    integrity sha1-WDsap3WWHUsROsF9nFC6753Xa9E=
    dependencies:
      wrappy "1"
  
  pako@^1.0.5:
    version "1.0.11"
    resolved "https://registry.nlark.com/pako/download/pako-1.0.11.tgz?cache=0&sync_timestamp=1627560309410&other_urls=https%3A%2F%2Fregistry.nlark.com%2Fpako%2Fdownload%2Fpako-1.0.11.tgz#6c9599d340d54dfd3946380252a35705a6b992bf"
    integrity sha1-bJWZ00DVTf05RjgCUqNXBaa5kr8=
  
  parse-bmfont-ascii@^1.0.3:
    version "1.0.6"
    resolved "https://registry.npm.taobao.org/parse-bmfont-ascii/download/parse-bmfont-ascii-1.0.6.tgz#11ac3c3ff58f7c2020ab22769079108d4dfa0285"
    integrity sha1-Eaw8P/WPfCAgqyJ2kHkQjU36AoU=
  
  parse-bmfont-binary@^1.0.5:
    version "1.0.6"
    resolved "https://registry.npm.taobao.org/parse-bmfont-binary/download/parse-bmfont-binary-1.0.6.tgz#d038b476d3e9dd9db1e11a0b0e53a22792b69006"
    integrity sha1-0Di0dtPp3Z2x4RoLDlOiJ5K2kAY=
  
  parse-bmfont-xml@^1.1.4:
    version "1.1.4"
    resolved "https://registry.nlark.com/parse-bmfont-xml/download/parse-bmfont-xml-1.1.4.tgz#015319797e3e12f9e739c4d513872cd2fa35f389"
    integrity sha1-AVMZeX4+EvnnOcTVE4cs0vo184k=
    dependencies:
      xml-parse-from-string "^1.0.0"
      xml2js "^0.4.5"
  
  parse-headers@^2.0.0:
    version "2.0.4"
    resolved "https://registry.nlark.com/parse-headers/download/parse-headers-2.0.4.tgz?cache=0&sync_timestamp=1628092214952&other_urls=https%3A%2F%2Fregistry.nlark.com%2Fparse-headers%2Fdownload%2Fparse-headers-2.0.4.tgz#9eaf2d02bed2d1eff494331ce3df36d7924760bf"
    integrity sha1-nq8tAr7S0e/0lDMc498215JHYL8=
  
  parse-json@^2.2.0:
    version "2.2.0"
    resolved "https://registry.npmmirror.com/parse-json/download/parse-json-2.2.0.tgz?cache=0&sync_timestamp=1637475717072&other_urls=https%3A%2F%2Fregistry.npmmirror.com%2Fparse-json%2Fdownload%2Fparse-json-2.2.0.tgz#f480f40434ef80741f8469099f8dea18f55a4dc9"
    integrity sha1-9ID0BDTvgHQfhGkJn43qGPVaTck=
    dependencies:
      error-ex "^1.2.0"
  
  path-exists@^2.0.0:
    version "2.1.0"
    resolved "https://registry.nlark.com/path-exists/download/path-exists-2.1.0.tgz?cache=0&other_urls=https%3A%2F%2Fregistry.nlark.com%2Fpath-exists%2Fdownload%2Fpath-exists-2.1.0.tgz#0feb6c64f0fc518d9a754dd5efb62c7022761f4b"
    integrity sha1-D+tsZPD8UY2adU3V77YscCJ2H0s=
    dependencies:
      pinkie-promise "^2.0.0"
  
  path-is-absolute@^1.0.0:
    version "1.0.1"
    resolved "https://registry.nlark.com/path-is-absolute/download/path-is-absolute-1.0.1.tgz#174b9268735534ffbc7ace6bf53a5a9e1b5c5f5f"
    integrity sha1-F0uSaHNVNP+8es5r9TpanhtcX18=
  
  path-parse@^1.0.6:
    version "1.0.7"
    resolved "https://registry.nlark.com/path-parse/download/path-parse-1.0.7.tgz#fbc114b60ca42b30d9daf5858e4bd68bbedb6735"
    integrity sha1-+8EUtgykKzDZ2vWFjkvWi77bZzU=
  
  path-type@^1.0.0:
    version "1.1.0"
    resolved "https://registry.npm.taobao.org/path-type/download/path-type-1.1.0.tgz?cache=0&sync_timestamp=1611752074264&other_urls=https%3A%2F%2Fregistry.npm.taobao.org%2Fpath-type%2Fdownload%2Fpath-type-1.1.0.tgz#59c44f7ee491da704da415da5a4070ba4f8fe441"
    integrity sha1-WcRPfuSR2nBNpBXaWkBwuk+P5EE=
    dependencies:
      graceful-fs "^4.1.2"
      pify "^2.0.0"
      pinkie-promise "^2.0.0"
  
  phin@^2.9.1:
    version "2.9.3"
    resolved "https://registry.npmmirror.com/phin/download/phin-2.9.3.tgz?cache=0&sync_timestamp=1637185586171&other_urls=https%3A%2F%2Fregistry.npmmirror.com%2Fphin%2Fdownload%2Fphin-2.9.3.tgz#f9b6ac10a035636fb65dfc576aaaa17b8743125c"
    integrity sha1-+basEKA1Y2+2XfxXaqqhe4dDElw=
  
  picomatch@^2.0.4, picomatch@^2.2.1:
    version "2.3.0"
    resolved "https://registry.nlark.com/picomatch/download/picomatch-2.3.0.tgz?cache=0&other_urls=https%3A%2F%2Fregistry.nlark.com%2Fpicomatch%2Fdownload%2Fpicomatch-2.3.0.tgz#f1f061de8f6a4bf022892e2d128234fb98302972"
    integrity sha1-8fBh3o9qS/AiiS4tEoI0+5gwKXI=
  
  pify@^2.0.0:
    version "2.3.0"
    resolved "https://registry.npm.taobao.org/pify/download/pify-2.3.0.tgz#ed141a6ac043a849ea588498e7dca8b15330e90c"
    integrity sha1-7RQaasBDqEnqWISY59yosVMw6Qw=
  
  pinkie-promise@^2.0.0:
    version "2.0.1"
    resolved "https://registry.nlark.com/pinkie-promise/download/pinkie-promise-2.0.1.tgz#2135d6dfa7a358c069ac9b178776288228450ffa"
    integrity sha1-ITXW36ejWMBprJsXh3YogihFD/o=
    dependencies:
      pinkie "^2.0.0"
  
  pinkie@^2.0.0:
    version "2.0.4"
    resolved "https://registry.nlark.com/pinkie/download/pinkie-2.0.4.tgz#72556b80cfa0d48a974e80e77248e80ed4f7f870"
    integrity sha1-clVrgM+g1IqXToDnckjoDtT3+HA=
  
  pixelmatch@^4.0.2:
    version "4.0.2"
    resolved "https://registry.npm.taobao.org/pixelmatch/download/pixelmatch-4.0.2.tgz#8f47dcec5011b477b67db03c243bc1f3085e8854"
    integrity sha1-j0fc7FARtHe2fbA8JDvB8wheiFQ=
    dependencies:
      pngjs "^3.0.0"
  
  pngjs@^3.0.0, pngjs@^3.3.3:
    version "3.4.0"
    resolved "https://registry.nlark.com/pngjs/download/pngjs-3.4.0.tgz#99ca7d725965fb655814eaf65f38f12bbdbf555f"
    integrity sha1-mcp9clll+2VYFOr2XzjxK72/VV8=
  
  process@^0.11.10:
    version "0.11.10"
    resolved "https://registry.npm.taobao.org/process/download/process-0.11.10.tgz#7332300e840161bda3e69a1d1d91a7d4bc16f182"
    integrity sha1-czIwDoQBYb2j5podHZGn1LwW8YI=
  
  read-pkg-up@^1.0.1:
    version "1.0.1"
    resolved "https://registry.npmmirror.com/read-pkg-up/download/read-pkg-up-1.0.1.tgz#9d63c13276c065918d57f002a57f40a1b643fb02"
    integrity sha1-nWPBMnbAZZGNV/ACpX9AobZD+wI=
    dependencies:
      find-up "^1.0.0"
      read-pkg "^1.0.0"
  
  read-pkg@^1.0.0:
    version "1.1.0"
    resolved "https://registry.nlark.com/read-pkg/download/read-pkg-1.1.0.tgz?cache=0&other_urls=https%3A%2F%2Fregistry.nlark.com%2Fread-pkg%2Fdownload%2Fread-pkg-1.1.0.tgz#f5ffaa5ecd29cb31c0474bca7d756b6bb29e3f28"
    integrity sha1-9f+qXs0pyzHAR0vKfXVra7KePyg=
    dependencies:
      load-json-file "^1.0.0"
      normalize-package-data "^2.3.2"
      path-type "^1.0.0"
  
  readdirp@~3.6.0:
    version "3.6.0"
    resolved "https://registry.nlark.com/readdirp/download/readdirp-3.6.0.tgz#74a370bd857116e245b29cc97340cd431a02a6c7"
    integrity sha1-dKNwvYVxFuJFspzJc0DNQxoCpsc=
    dependencies:
      picomatch "^2.2.1"
  
  redent@^1.0.0:
    version "1.0.0"
    resolved "https://registry.nlark.com/redent/download/redent-1.0.0.tgz#cf916ab1fd5f1f16dfb20822dd6ec7f730c2afde"
    integrity sha1-z5Fqsf1fHxbfsggi3W7H9zDCr94=
    dependencies:
      indent-string "^2.1.0"
      strip-indent "^1.0.1"
  
  regenerator-runtime@^0.13.3, regenerator-runtime@^0.13.4:
    version "0.13.9"
    resolved "https://registry.nlark.com/regenerator-runtime/download/regenerator-runtime-0.13.9.tgz#8925742a98ffd90814988d7566ad30ca3b263b52"
    integrity sha1-iSV0Kpj/2QgUmI11Zq0wyjsmO1I=
  
  repeating@^2.0.0:
    version "2.0.1"
    resolved "https://registry.nlark.com/repeating/download/repeating-2.0.1.tgz?cache=0&sync_timestamp=1624608101869&other_urls=https%3A%2F%2Fregistry.nlark.com%2Frepeating%2Fdownload%2Frepeating-2.0.1.tgz#5214c53a926d3552707527fbab415dbc08d06dda"
    integrity sha1-UhTFOpJtNVJwdSf7q0FdvAjQbdo=
    dependencies:
      is-finite "^1.0.0"
  
  resolve@^1.0.0, resolve@^1.10.0:
    version "1.20.0"
    resolved "https://registry.nlark.com/resolve/download/resolve-1.20.0.tgz#629a013fb3f70755d6f0b7935cc1c2c5378b1975"
    integrity sha1-YpoBP7P3B1XW8LeTXMHCxTeLGXU=
    dependencies:
      is-core-module "^2.2.0"
      path-parse "^1.0.6"
  
  rimraf@^2.6.1:
    version "2.7.1"
    resolved "https://registry.npm.taobao.org/rimraf/download/rimraf-2.7.1.tgz#35797f13a7fdadc566142c29d4f07ccad483e3ec"
    integrity sha1-NXl/E6f9rcVmFCwp1PB8ytSD4+w=
    dependencies:
      glob "^7.1.3"
  
  sax@>=0.6.0:
    version "1.2.4"
    resolved "https://registry.npm.taobao.org/sax/download/sax-1.2.4.tgz#2816234e2378bddc4e5354fab5caa895df7100d9"
    integrity sha1-KBYjTiN4vdxOU1T6tcqold9xANk=
  
  "semver@2 || 3 || 4 || 5":
    version "5.7.1"
    resolved "https://registry.nlark.com/semver/download/semver-5.7.1.tgz#a954f931aeba508d307bbf069eff0c01c96116f7"
    integrity sha1-qVT5Ma66UI0we78Gnv8MAclhFvc=
  
  signal-exit@^3.0.0:
    version "3.0.6"
    resolved "https://registry.npmmirror.com/signal-exit/download/signal-exit-3.0.6.tgz?cache=0&other_urls=https%3A%2F%2Fregistry.npmmirror.com%2Fsignal-exit%2Fdownload%2Fsignal-exit-3.0.6.tgz#24e630c4b0f03fea446a2bd299e62b4a6ca8d0af"
    integrity sha512-sDl4qMFpijcGw22U5w63KmD3cZJfBuFlVNbVMKje2keoKML7X2UzWbc4XrmEbDwg0NXJc3yv4/ox7b+JWb57kQ==
  
  source-map-support@^0.5.12, source-map-support@^0.5.17:
    version "0.5.21"
    resolved "https://registry.npmmirror.com/source-map-support/download/source-map-support-0.5.21.tgz?cache=0&sync_timestamp=1637320322789&other_urls=https%3A%2F%2Fregistry.npmmirror.com%2Fsource-map-support%2Fdownload%2Fsource-map-support-0.5.21.tgz#04fe7c7f9e1ed2d662233c28cb2b35b9f63f6e4f"
    integrity sha512-uBHU3L3czsIyYXKX88fdrGovxdSCoTGDRZ6SYXtSRxLZUzHg5P/66Ht6uoUlHu9EZod+inXhKo3qQgwXUT/y1w==
    dependencies:
      buffer-from "^1.0.0"
      source-map "^0.6.0"
  
  source-map@^0.6.0:
    version "0.6.1"
    resolved "https://registry.npm.taobao.org/source-map/download/source-map-0.6.1.tgz#74722af32e9614e9c287a8d0bbde48b5e2f1a263"
    integrity sha1-dHIq8y6WFOnCh6jQu95IteLxomM=
  
  spdx-correct@^3.0.0:
    version "3.1.1"
    resolved "https://registry.nlark.com/spdx-correct/download/spdx-correct-3.1.1.tgz#dece81ac9c1e6713e5f7d1b6f17d468fa53d89a9"
    integrity sha1-3s6BrJweZxPl99G28X1Gj6U9iak=
    dependencies:
      spdx-expression-parse "^3.0.0"
      spdx-license-ids "^3.0.0"
  
  spdx-exceptions@^2.1.0:
    version "2.3.0"
    resolved "https://registry.nlark.com/spdx-exceptions/download/spdx-exceptions-2.3.0.tgz#3f28ce1a77a00372683eade4a433183527a2163d"
    integrity sha1-PyjOGnegA3JoPq3kpDMYNSeiFj0=
  
  spdx-expression-parse@^3.0.0:
    version "3.0.1"
    resolved "https://registry.nlark.com/spdx-expression-parse/download/spdx-expression-parse-3.0.1.tgz#cf70f50482eefdc98e3ce0a6833e4a53ceeba679"
    integrity sha1-z3D1BILu/cmOPOCmgz5KU87rpnk=
    dependencies:
      spdx-exceptions "^2.1.0"
      spdx-license-ids "^3.0.0"
  
  spdx-license-ids@^3.0.0:
    version "3.0.11"
    resolved "https://registry.npmmirror.com/spdx-license-ids/download/spdx-license-ids-3.0.11.tgz?cache=0&sync_timestamp=1636978510592&other_urls=https%3A%2F%2Fregistry.npmmirror.com%2Fspdx-license-ids%2Fdownload%2Fspdx-license-ids-3.0.11.tgz#50c0d8c40a14ec1bf449bae69a0ea4685a9d9f95"
    integrity sha512-Ctl2BrFiM0X3MANYgj3CkygxhRmr9mi6xhejbdO960nF6EDJApTYpn0BQnDKlnNBULKiCN1n3w9EBkHK8ZWg+g==
  
  strip-bom@^2.0.0:
    version "2.0.0"
    resolved "https://registry.nlark.com/strip-bom/download/strip-bom-2.0.0.tgz?cache=0&sync_timestamp=1624608094529&other_urls=https%3A%2F%2Fregistry.nlark.com%2Fstrip-bom%2Fdownload%2Fstrip-bom-2.0.0.tgz#6219a85616520491f35788bdbf1447a99c7e6b0e"
    integrity sha1-YhmoVhZSBJHzV4i9vxRHqZx+aw4=
    dependencies:
      is-utf8 "^0.2.0"
  
  strip-bom@^3.0.0:
    version "3.0.0"
    resolved "https://registry.nlark.com/strip-bom/download/strip-bom-3.0.0.tgz?cache=0&sync_timestamp=1624608094529&other_urls=https%3A%2F%2Fregistry.nlark.com%2Fstrip-bom%2Fdownload%2Fstrip-bom-3.0.0.tgz#2334c18e9c759f7bdd56fdef7e9ae3d588e68ed3"
    integrity sha1-IzTBjpx1n3vdVv3vfprj1YjmjtM=
  
  strip-indent@^1.0.1:
    version "1.0.1"
    resolved "https://registry.nlark.com/strip-indent/download/strip-indent-1.0.1.tgz#0c7962a6adefa7bbd4ac366460a638552ae1a0a2"
    integrity sha1-DHlipq3vp7vUrDZkYKY4VSrhoKI=
    dependencies:
      get-stdin "^4.0.1"
  
  strip-json-comments@^2.0.0:
    version "2.0.1"
    resolved "https://registry.nlark.com/strip-json-comments/download/strip-json-comments-2.0.1.tgz?cache=0&other_urls=https%3A%2F%2Fregistry.nlark.com%2Fstrip-json-comments%2Fdownload%2Fstrip-json-comments-2.0.1.tgz#3c531942e908c2697c0ec344858c286c7ca0a60a"
    integrity sha1-PFMZQukIwml8DsNEhYwobHygpgo=
  
  timm@^1.6.1:
    version "1.7.1"
    resolved "https://registry.npm.taobao.org/timm/download/timm-1.7.1.tgz#96bab60c7d45b5a10a8a4d0f0117c6b7e5aff76f"
    integrity sha1-lrq2DH1FtaEKik0PARfGt+Wv928=
  
  tinycolor2@^1.4.1:
    version "1.4.2"
    resolved "https://registry.nlark.com/tinycolor2/download/tinycolor2-1.4.2.tgz#3f6a4d1071ad07676d7fa472e1fac40a719d8803"
    integrity sha1-P2pNEHGtB2dtf6Ry4frECnGdiAM=
  
  to-regex-range@^5.0.1:
    version "5.0.1"
    resolved "https://registry.nlark.com/to-regex-range/download/to-regex-range-5.0.1.tgz#1648c44aae7c8d988a326018ed72f5b4dd0392e4"
    integrity sha1-FkjESq58jZiKMmAY7XL1tN0DkuQ=
    dependencies:
      is-number "^7.0.0"
  
  tree-kill@^1.2.2:
    version "1.2.2"
    resolved "https://registry.nlark.com/tree-kill/download/tree-kill-1.2.2.tgz#4ca09a9092c88b73a7cdc5e8a01b507b0790a0cc"
    integrity sha1-TKCakJLIi3OnzcXooBtQeweQoMw=
  
  trim-newlines@^1.0.0:
    version "1.0.0"
    resolved "https://registry.nlark.com/trim-newlines/download/trim-newlines-1.0.0.tgz#5887966bb582a4503a41eb524f7d35011815a613"
    integrity sha1-WIeWa7WCpFA6QetST301ARgVphM=
  
  ts-node-dev@1.0.0-pre.54:
    version "1.0.0-pre.54"
    resolved "https://registry.npmmirror.com/ts-node-dev/download/ts-node-dev-1.0.0-pre.54.tgz?cache=0&sync_timestamp=1637321462863&other_urls=https%3A%2F%2Fregistry.npmmirror.com%2Fts-node-dev%2Fdownload%2Fts-node-dev-1.0.0-pre.54.tgz#fab784539cdce0919c08203ab56e387a88f4723a"
    integrity sha1-+reEU5zc4JGcCCA6tW44eoj0cjo=
    dependencies:
      chokidar "^3.4.0"
      dateformat "~1.0.4-1.2.3"
      dynamic-dedupe "^0.3.0"
      minimist "^1.2.5"
      mkdirp "^1.0.4"
      resolve "^1.0.0"
      rimraf "^2.6.1"
      source-map-support "^0.5.12"
      tree-kill "^1.2.2"
      ts-node "^8.10.2"
      tsconfig "^7.0.0"
  
  ts-node@^8.10.2:
    version "8.10.2"
    resolved "https://registry.npmmirror.com/ts-node/download/ts-node-8.10.2.tgz#eee03764633b1234ddd37f8db9ec10b75ec7fb8d"
    integrity sha1-7uA3ZGM7EjTd03+NuewQt17H+40=
    dependencies:
      arg "^4.1.0"
      diff "^4.0.1"
      make-error "^1.1.1"
      source-map-support "^0.5.17"
      yn "3.1.1"
  
  tsconfig@^7.0.0:
    version "7.0.0"
    resolved "https://registry.nlark.com/tsconfig/download/tsconfig-7.0.0.tgz#84538875a4dc216e5c4a5432b3a4dec3d54e91b7"
    integrity sha1-hFOIdaTcIW5cSlQys6Tew9VOkbc=
    dependencies:
      "@types/strip-bom" "^3.0.0"
      "@types/strip-json-comments" "0.0.30"
      strip-bom "^3.0.0"
      strip-json-comments "^2.0.0"
  
  typescript@^3.9.7:
    version "3.9.10"
    resolved "https://registry.npmmirror.com/typescript/download/typescript-3.9.10.tgz#70f3910ac7a51ed6bef79da7800690b19bf778b8"
    integrity sha1-cPORCselHta+952ngAaQsZv3eLg=
  
  utif@^2.0.1:
    version "2.0.1"
    resolved "https://registry.npm.taobao.org/utif/download/utif-2.0.1.tgz#9e1582d9bbd20011a6588548ed3266298e711759"
    integrity sha1-nhWC2bvSABGmWIVI7TJmKY5xF1k=
    dependencies:
      pako "^1.0.5"
  
  validate-npm-package-license@^3.0.1:
    version "3.0.4"
    resolved "https://registry.nlark.com/validate-npm-package-license/download/validate-npm-package-license-3.0.4.tgz#fc91f6b9c7ba15c857f4cb2c5defeec39d4f410a"
    integrity sha1-/JH2uce6FchX9MssXe/uw51PQQo=
    dependencies:
      spdx-correct "^3.0.0"
      spdx-expression-parse "^3.0.0"
  
  wrappy@1:
    version "1.0.2"
    resolved "https://registry.nlark.com/wrappy/download/wrappy-1.0.2.tgz#b5243d8f3ec1aa35f1364605bc0d1036e30ab69f"
    integrity sha1-tSQ9jz7BqjXxNkYFvA0QNuMKtp8=
  
  xhr@^2.0.1:
    version "2.6.0"
    resolved "https://registry.npm.taobao.org/xhr/download/xhr-2.6.0.tgz#b69d4395e792b4173d6b7df077f0fc5e4e2b249d"
    integrity sha1-tp1DleeStBc9a33wd/D8Xk4rJJ0=
    dependencies:
      global "~4.4.0"
      is-function "^1.0.1"
      parse-headers "^2.0.0"
      xtend "^4.0.0"
  
  xml-parse-from-string@^1.0.0:
    version "1.0.1"
    resolved "https://registry.npm.taobao.org/xml-parse-from-string/download/xml-parse-from-string-1.0.1.tgz#a9029e929d3dbcded169f3c6e28238d95a5d5a28"
    integrity sha1-qQKekp09vN7RafPG4oI42VpdWig=
  
  xml2js@^0.4.5:
    version "0.4.23"
    resolved "https://registry.nlark.com/xml2js/download/xml2js-0.4.23.tgz#a0c69516752421eb2ac758ee4d4ccf58843eac66"
    integrity sha1-oMaVFnUkIesqx1juTUzPWIQ+rGY=
    dependencies:
      sax ">=0.6.0"
      xmlbuilder "~11.0.0"
  
  xmlbuilder@~11.0.0:
    version "11.0.1"
    resolved "https://registry.nlark.com/xmlbuilder/download/xmlbuilder-11.0.1.tgz#be9bae1c8a046e76b31127726347d0ad7002beb3"
    integrity sha1-vpuuHIoEbnazESdyY0fQrXACvrM=
  
  xtend@^4.0.0:
    version "4.0.2"
    resolved "https://registry.nlark.com/xtend/download/xtend-4.0.2.tgz#bb72779f5fa465186b1f438f674fa347fdb5db54"
    integrity sha1-u3J3n1+kZRhrH0OPZ0+jR/2121Q=
  
  yn@3.1.1:
    version "3.1.1"
    resolved "https://registry.nlark.com/yn/download/yn-3.1.1.tgz?cache=0&sync_timestamp=1628974764210&other_urls=https%3A%2F%2Fregistry.nlark.com%2Fyn%2Fdownload%2Fyn-3.1.1.tgz#1e87401a09d767c1d5eab26a6e4c185182d2eb50"
    integrity sha1-HodAGgnXZ8HV6rJqbkwYUYLS61A=
